c:\users\miloske\source\repos\symcppy\symcppy\debug\vc142.pdb
c:\users\miloske\source\repos\symcppy\symcppy\debug\vc142.idb
c:\users\miloske\source\repos\symcppy\symcppy\debug\utils.obj
c:\users\miloske\source\repos\symcppy\symcppy\debug\pymanager.obj
c:\users\miloske\source\repos\symcppy\symcppy\debug\main.obj
c:\users\miloske\source\repos\symcppy\symcppy\debug\module.obj
c:\users\miloske\source\repos\symcppy\symcppy\debug\functiondescriptor.obj
c:\users\miloske\source\repos\symcppy\debug\symcppy.exe
c:\users\miloske\source\repos\symcppy\debug\symcppy.ilk
c:\users\miloske\source\repos\symcppy\debug\symcppy.pdb
c:\users\miloske\source\repos\symcppy\symcppy\debug\functiondescriptor.nativecodeanalysis.xml
c:\users\miloske\source\repos\symcppy\symcppy\debug\module.nativecodeanalysis.xml
c:\users\miloske\source\repos\symcppy\symcppy\debug\pymanager.nativecodeanalysis.xml
c:\users\miloske\source\repos\symcppy\symcppy\debug\utils.nativecodeanalysis.xml
c:\users\miloske\source\repos\symcppy\symcppy\debug\symcppy.tlog\cl.command.1.tlog
c:\users\miloske\source\repos\symcppy\symcppy\debug\symcppy.tlog\cl.read.1.tlog
c:\users\miloske\source\repos\symcppy\symcppy\debug\symcppy.tlog\cl.write.1.tlog
c:\users\miloske\source\repos\symcppy\symcppy\debug\symcppy.tlog\link.command.1.tlog
c:\users\miloske\source\repos\symcppy\symcppy\debug\symcppy.tlog\link.read.1.tlog
c:\users\miloske\source\repos\symcppy\symcppy\debug\symcppy.tlog\link.write.1.tlog
